<?xml version="1.0" encoding="UTF-8"?>
<!-- Generated by org.testng.reporters.JUnitReportReporter -->
<testsuite skipped="0" hostname="DESKTOP-SI0J3GJ" name="com.flipkart.testcases.searc_and_scrape_data" tests="1" failures="0" timestamp="31 May 2024 05:57:46 GMT" time="50.665" errors="0">
  <testcase name="searchbook" time="50.665" classname="com.flipkart.testcases.searc_and_scrape_data"/>
</testsuite> <!-- com.flipkart.testcases.searc_and_scrape_data -->
